0 info it worked if it ends with ok
1 verbose cli [ 'D:\\Program Files\\Front-End\\nodejs\\8.9.1\\node.exe',
1 verbose cli   'C:\\Users\\hasee\\AppData\\Roaming\\npm\\node_modules\\cnpm\\node_modules\\npm\\bin\\npm-cli.js',
1 verbose cli   '--userconfig=C:\\Users\\hasee\\.cnpmrc',
1 verbose cli   '--disturl=https://npm.taobao.org/mirrors/node',
1 verbose cli   '--registry=https://registry.npm.taobao.org',
1 verbose cli   'run',
1 verbose cli   'dev:weapp' ]
2 info using npm@3.10.10
3 info using node@v8.9.1
4 verbose run-script [ 'predev:weapp', 'dev:weapp', 'postdev:weapp' ]
5 info lifecycle demo@1.0.0~predev:weapp: demo@1.0.0
6 silly lifecycle demo@1.0.0~predev:weapp: no script for predev:weapp, continuing
7 info lifecycle demo@1.0.0~dev:weapp: demo@1.0.0
8 verbose lifecycle demo@1.0.0~dev:weapp: unsafe-perm in lifecycle true
9 verbose lifecycle demo@1.0.0~dev:weapp: PATH: C:\Users\hasee\AppData\Roaming\npm\node_modules\cnpm\node_modules\npm\bin\node-gyp-bin;F:\Front-End\wechat_car\taro\demo\node_modules\.bin;C:\Program Files\NVIDIA GPU Computing Toolkit\CUDA\v8.0\bin;C:\Program Files\NVIDIA GPU Computing Toolkit\CUDA\v8.0\libnvvp;C:\Windows\system32;C:\Windows;C:\Windows\System32\Wbem;C:\Windows\System32\WindowsPowerShell\v1.0\;D:\Program Files\Front-End\Git\cmd;D:\Program Files\Work\runtime\win64;D:\Program Files\Work\bin;D:\Program Files\Work\polyspace\bin;D:\Program Files\Work\MATLAB\runtime\win64;D:\Program Files\Work\MATLAB\bin;D:\Program Files\Work\MATLAB\polyspace\bin;D:\Program Files\Front-End\node\C:\Program Files\Java\jdk1.8.0_131\bin;C:\Program Files\Java\jdk1.8.0_131\jre\bin;D:\Program Files\Front-End\apache-maven-3.5.0-bin\apache-maven-3.5.0\bin;D:\Program Files\Front-End\package\package\php;D:\Program Files\Front-End\package\package\Arcanist\arcanist\bin;D:\Program Files\Front-End\Yarn\bin;D:\Program Files\Work\MongoDB\Server\3.4\bin;D:\Program Files\Computer-learning\phantomjs-2.1.1-windows\bin;C:\Program Files\MySQL\MySQL Server 5.5\bin;C:\Users\hasee\AppData\Local\Programs\Python\Python35;C:\Users\hasee\AppData\Local\Programs\Python\Python35\Scripts;C:\tools\cuda\bin;C:\Program Files (x86)\NVIDIA Corporation\PhysX\Common;C:\Program Files\NVIDIA GPU Computing Toolkit\CUDA\v8.0\lib\x64;C:\Program Files\NVIDIA GPU Computing Toolkit\CUDA\v8.0\bin ;C:\ProgramData\NVIDIA Corporation\CUDA Samples\v8.0 \common\lib\x64 ;C:\ProgramData\NVIDIA Corporation\CUDA Samples\v8.0 \bin\win64;C:\Program Files\NVIDIA GPU Computing Toolkit\CUDA\v8.0\lib\x64;C:\Program Files\NVIDIA GPU Computing ;Toolkit\CUDA\v8.0\bin;C:\ProgramData\NVIDIA Corporation\CUDA Samples\v8.0\common\lib\x64;C:\ProgramData\NVIDIA Corporation\CUDA Samples\v8.0\bin\win64;D:\Program D:\Program Files\Front-End\node\;D:\Program Files\Front-End\.nvmw;D:\Program Files\Front-End\nvm;C:\Program Files\nodejs;C:\texlive\2015\bin\win32;D:\安装包\AI\platform-tools-latest-windows\platform-tools;D:\Program Files\School\lingo\;D:\Program Files\Front-End\nodejs\8.9.1;D:\Program Files\Front-End\nodejs\6.10.3;D:\AD\System;D:\Program Files\python27;D:\Program Files\python27\Scripts;D:\Program Files\Front-End\Microsoft VS Code\bin;D:\Program Files\Front-End\Nodist\bin;C:\Program Files\Java\jdk1.8.0_131;D:\Program Files\Java\jdk1.8.0_73\bin;C:\Program Files\Java\jdk1.8.0_131;D:\Program Files\Java\jdk1.8.0_73\jre\bin;D:\Program Files (x86)\Tesseract-OCR;C:\Go\bin;C:\Users\hasee\AppData\Local\Programs\Python\Python35\Scripts\;C:\Users\hasee\AppData\Local\Programs\Python\Python35\;C:\Users\hasee\AppData\Local\Yarn\bin;D:\Program Files\Front-End\Microsoft VS Code\bin;D:\Program Files\Front-End\nvm;C:\Program Files\nodejs;C:\Users\hasee\AppData\Roaming\npm;D:\Program Files\School\Fiddler
10 verbose lifecycle demo@1.0.0~dev:weapp: CWD: F:\Front-End\wechat_car\taro\demo
11 silly lifecycle demo@1.0.0~dev:weapp: Args: [ '/d /s /c', 'npm run build:weapp -- --watch' ]
12 silly lifecycle demo@1.0.0~dev:weapp: Returned: code: 1  signal: null
13 info lifecycle demo@1.0.0~dev:weapp: Failed to exec dev:weapp script
14 verbose stack Error: demo@1.0.0 dev:weapp: `npm run build:weapp -- --watch`
14 verbose stack Exit status 1
14 verbose stack     at EventEmitter.<anonymous> (C:\Users\hasee\AppData\Roaming\npm\node_modules\cnpm\node_modules\npm\lib\utils\lifecycle.js:255:16)
14 verbose stack     at emitTwo (events.js:126:13)
14 verbose stack     at EventEmitter.emit (events.js:214:7)
14 verbose stack     at ChildProcess.<anonymous> (C:\Users\hasee\AppData\Roaming\npm\node_modules\cnpm\node_modules\npm\lib\utils\spawn.js:40:14)
14 verbose stack     at emitTwo (events.js:126:13)
14 verbose stack     at ChildProcess.emit (events.js:214:7)
14 verbose stack     at maybeClose (internal/child_process.js:925:16)
14 verbose stack     at Process.ChildProcess._handle.onexit (internal/child_process.js:209:5)
15 verbose pkgid demo@1.0.0
16 verbose cwd F:\Front-End\wechat_car\taro\demo
17 error Windows_NT 6.1.7601
18 error argv "D:\\Program Files\\Front-End\\nodejs\\8.9.1\\node.exe" "C:\\Users\\hasee\\AppData\\Roaming\\npm\\node_modules\\cnpm\\node_modules\\npm\\bin\\npm-cli.js" "--userconfig=C:\\Users\\hasee\\.cnpmrc" "--disturl=https://npm.taobao.org/mirrors/node" "--registry=https://registry.npm.taobao.org" "run" "dev:weapp"
19 error node v8.9.1
20 error npm  v3.10.10
21 error code ELIFECYCLE
22 error demo@1.0.0 dev:weapp: `npm run build:weapp -- --watch`
22 error Exit status 1
23 error Failed at the demo@1.0.0 dev:weapp script 'npm run build:weapp -- --watch'.
23 error Make sure you have the latest version of node.js and npm installed.
23 error If you do, this is most likely a problem with the demo package,
23 error not with npm itself.
23 error Tell the author that this fails on your system:
23 error     npm run build:weapp -- --watch
23 error You can get information on how to open an issue for this project with:
23 error     npm bugs demo
23 error Or if that isn't available, you can get their info via:
23 error     npm owner ls demo
23 error There is likely additional logging output above.
24 verbose exit [ 1, true ]
